d:\misc_game-chs\shakinshima\winmm.dll\imm32\release\vc143.pdb
d:\misc_game-chs\shakinshima\winmm.dll\imm32\release\dllmain.obj
d:\misc_game-chs\shakinshima\winmm.dll\imm32\release\readconfig.obj
d:\misc_game-chs\shakinshima\winmm.dll\imm32\release\hook_main.obj
d:\misc_game-chs\shakinshima\winmm.dll\imm32\release\dump_text.obj
d:\misc_game-chs\shakinshima\winmm.dll\imm32\release\convert.obj
d:\misc_game-chs\shakinshima\winmm.dll\imm32\release\contry_change.obj
d:\misc_game-chs\shakinshima\winmm.dll\imm32\release\changetext.obj
d:\misc_game-chs\shakinshima\winmm.dll\imm32\release\changefont.obj
d:\misc_game-chs\shakinshima\winmm.dll\release\dxgi.dll
d:\misc_game-chs\shakinshima\winmm.dll\release\dxgi.pdb
d:\misc_game-chs\shakinshima\winmm.dll\release\dxgi.lib
d:\misc_game-chs\shakinshima\winmm.dll\release\dxgi.exp
d:\misc_game-chs\shakinshima\winmm.dll\imm32\release\dxgi.ipdb
d:\misc_game-chs\shakinshima\winmm.dll\imm32\release\dxgi.iobj
d:\misc_game-chs\shakinshima\hook\imm32\release\changefont.obj
d:\misc_game-chs\shakinshima\hook\imm32\release\changetext.obj
d:\misc_game-chs\shakinshima\hook\imm32\release\contry_change.obj
d:\misc_game-chs\shakinshima\hook\imm32\release\convert.obj
d:\misc_game-chs\shakinshima\hook\imm32\release\dllmain.obj
d:\misc_game-chs\shakinshima\hook\imm32\release\dump_text.obj
d:\misc_game-chs\shakinshima\hook\imm32\release\hook_main.obj
d:\misc_game-chs\shakinshima\hook\imm32\release\readconfig.obj
d:\misc_game-chs\shakinshima\hook\imm32\release\bcrypt.ipdb
d:\misc_game-chs\shakinshima\hook\imm32\release\dxgi.ipdb
d:\misc_game-chs\shakinshima\hook\imm32\release\imm32.ipdb
d:\misc_game-chs\shakinshima\hook\imm32\release\bcrypt.iobj
d:\misc_game-chs\shakinshima\hook\imm32\release\dxgi.iobj
d:\misc_game-chs\shakinshima\hook\imm32\release\imm32.iobj
d:\misc_game-chs\shakinshima\hook\imm32\release\vc143.pdb
d:\misc_game-chs\shakinshima\hook\release\dxgi.pdb
d:\misc_game-chs\shakinshima\hook\release\dxgi.dll
d:\misc_game-chs\shakinshima\hook\imm32\release\bcrypt.tlog\cl.command.1.tlog
d:\misc_game-chs\shakinshima\hook\imm32\release\bcrypt.tlog\cl.items.tlog
d:\misc_game-chs\shakinshima\hook\imm32\release\bcrypt.tlog\cl.read.1.tlog
d:\misc_game-chs\shakinshima\hook\imm32\release\bcrypt.tlog\cl.write.1.tlog
d:\misc_game-chs\shakinshima\hook\imm32\release\bcrypt.tlog\link.command.1.tlog
d:\misc_game-chs\shakinshima\hook\imm32\release\bcrypt.tlog\link.read.1.tlog
d:\misc_game-chs\shakinshima\hook\imm32\release\bcrypt.tlog\link.secondary.1.tlog
d:\misc_game-chs\shakinshima\hook\imm32\release\bcrypt.tlog\link.write.1.tlog
