  changefont.cpp
  changetext.cpp
  CONTRY_CHANGE.cpp
  convert.cpp
D:\misc_game-chs\ShakinShima\winmm.dll\LIB\convert.cpp(129,8): warning C4018: “>”: 有符号/无符号不匹配
  dump_text.cpp
  HOOK_MAIN.cpp
  readconfig.cpp
D:\misc_game-chs\ShakinShima\winmm.dll\LIB\readconfig.cpp(59,17): warning C4018: “<”: 有符号/无符号不匹配
D:\misc_game-chs\ShakinShima\winmm.dll\LIB\readconfig.cpp(218,14): warning C4244: “return”: 从“double”转换到“float”，可能丢失数据
  dllmain.cpp
dllmain.obj : warning LNK4104: 导出符号“DllCanUnloadNow”应为 PRIVATE
dllmain.obj : warning LNK4104: 导出符号“DllGetClassObject”应为 PRIVATE
dllmain.obj : warning LNK4104: 导出符号“DllInstall”应为 PRIVATE
dllmain.obj : warning LNK4104: 导出符号“DllRegisterServer”应为 PRIVATE
dllmain.obj : warning LNK4104: 导出符号“DllUnregisterServer”应为 PRIVATE
    正在创建库 D:\misc_game-chs\ShakinShima\winmm.dll\Release\SHELL32.lib 和对象 D:\misc_game-chs\ShakinShima\winmm.dll\Release\SHELL32.exp
  正在生成代码
  1833 of 1844 functions (99.4%) were compiled, the rest were copied from previous compilation.
    365 functions were new in current compilation
    2 functions had inline decision re-evaluated but remain unchanged
  已完成代码的生成
  SHELL32.vcxproj -> D:\misc_game-chs\ShakinShima\winmm.dll\Release\SHELL32.dll
