d:\misc_game-chs\shakinshima\winmm.dll\shell32\release\vc143.pdb
d:\misc_game-chs\shakinshima\winmm.dll\shell32\release\dllmain.obj
d:\misc_game-chs\shakinshima\winmm.dll\shell32\release\readconfig.obj
d:\misc_game-chs\shakinshima\winmm.dll\shell32\release\hook_main.obj
d:\misc_game-chs\shakinshima\winmm.dll\shell32\release\dump_text.obj
d:\misc_game-chs\shakinshima\winmm.dll\shell32\release\convert.obj
d:\misc_game-chs\shakinshima\winmm.dll\shell32\release\contry_change.obj
d:\misc_game-chs\shakinshima\winmm.dll\shell32\release\changetext.obj
d:\misc_game-chs\shakinshima\winmm.dll\shell32\release\changefont.obj
d:\misc_game-chs\shakinshima\winmm.dll\release\shell32.dll
d:\misc_game-chs\shakinshima\winmm.dll\release\shell32.pdb
d:\misc_game-chs\shakinshima\winmm.dll\release\shell32.lib
d:\misc_game-chs\shakinshima\winmm.dll\release\shell32.exp
d:\misc_game-chs\shakinshima\winmm.dll\shell32\release\shell32.ipdb
d:\misc_game-chs\shakinshima\winmm.dll\shell32\release\shell32.iobj
d:\misc_game-chs\shakinshima\hook\shell32\release\changefont.obj
d:\misc_game-chs\shakinshima\hook\shell32\release\changetext.obj
d:\misc_game-chs\shakinshima\hook\shell32\release\contry_change.obj
d:\misc_game-chs\shakinshima\hook\shell32\release\convert.obj
d:\misc_game-chs\shakinshima\hook\shell32\release\dllmain.obj
d:\misc_game-chs\shakinshima\hook\shell32\release\dump_text.obj
d:\misc_game-chs\shakinshima\hook\shell32\release\hook_main.obj
d:\misc_game-chs\shakinshima\hook\shell32\release\readconfig.obj
d:\misc_game-chs\shakinshima\hook\shell32\release\shell32.ipdb
d:\misc_game-chs\shakinshima\hook\shell32\release\shell32.iobj
d:\misc_game-chs\shakinshima\hook\shell32\release\vc143.pdb
d:\misc_game-chs\shakinshima\hook\release\shell32.pdb
d:\misc_game-chs\shakinshima\hook\release\shell32.dll
d:\misc_game-chs\shakinshima\hook\shell32\release\shell32.tlog\cl.command.1.tlog
d:\misc_game-chs\shakinshima\hook\shell32\release\shell32.tlog\cl.items.tlog
d:\misc_game-chs\shakinshima\hook\shell32\release\shell32.tlog\cl.read.1.tlog
d:\misc_game-chs\shakinshima\hook\shell32\release\shell32.tlog\cl.write.1.tlog
d:\misc_game-chs\shakinshima\hook\shell32\release\shell32.tlog\link.command.1.tlog
d:\misc_game-chs\shakinshima\hook\shell32\release\shell32.tlog\link.read.1.tlog
d:\misc_game-chs\shakinshima\hook\shell32\release\shell32.tlog\link.secondary.1.tlog
d:\misc_game-chs\shakinshima\hook\shell32\release\shell32.tlog\link.write.1.tlog
