d:\misc_game-chs\shakinshima\hook\winmm.dll\release\vc143.pdb
d:\misc_game-chs\shakinshima\hook\winmm.dll\release\dllmain.obj
d:\misc_game-chs\shakinshima\hook\winmm.dll\release\readconfig.obj
d:\misc_game-chs\shakinshima\hook\winmm.dll\release\hook_main.obj
d:\misc_game-chs\shakinshima\hook\winmm.dll\release\dump_text.obj
d:\misc_game-chs\shakinshima\hook\winmm.dll\release\convert.obj
d:\misc_game-chs\shakinshima\hook\winmm.dll\release\contry_change.obj
d:\misc_game-chs\shakinshima\hook\winmm.dll\release\changetext.obj
d:\misc_game-chs\shakinshima\hook\winmm.dll\release\changefont.obj
d:\misc_game-chs\shakinshima\hook\release\winmm.dll
d:\misc_game-chs\shakinshima\hook\release\winmm.pdb
d:\misc_game-chs\shakinshima\hook\release\winmm.lib
d:\misc_game-chs\shakinshima\hook\release\winmm.exp
d:\misc_game-chs\shakinshima\hook\winmm.dll\release\winmm.ipdb
d:\misc_game-chs\shakinshima\hook\winmm.dll\release\winmm.iobj
d:\misc_game-chs\shakinshima\hook\winmm.dll\release\winmm.tlog\cl.command.1.tlog
d:\misc_game-chs\shakinshima\hook\winmm.dll\release\winmm.tlog\cl.items.tlog
d:\misc_game-chs\shakinshima\hook\winmm.dll\release\winmm.tlog\cl.read.1.tlog
d:\misc_game-chs\shakinshima\hook\winmm.dll\release\winmm.tlog\cl.write.1.tlog
d:\misc_game-chs\shakinshima\hook\winmm.dll\release\winmm.tlog\link.command.1.tlog
d:\misc_game-chs\shakinshima\hook\winmm.dll\release\winmm.tlog\link.read.1.tlog
d:\misc_game-chs\shakinshima\hook\winmm.dll\release\winmm.tlog\link.secondary.1.tlog
d:\misc_game-chs\shakinshima\hook\winmm.dll\release\winmm.tlog\link.write.1.tlog
